[debug] [2020-12-18T18:55:42.491Z] ----------------------------------------------------------------------
[debug] [2020-12-18T18:55:42.495Z] Command:       C:\Program Files\nodejs\node.exe C:\Users\Lucas\AppData\Roaming\npm\node_modules\firebase-tools\lib\bin\firebase.js emulators:start --only functions
[debug] [2020-12-18T18:55:42.496Z] CLI Version:   9.0.1
[debug] [2020-12-18T18:55:42.496Z] Platform:      win32
[debug] [2020-12-18T18:55:42.496Z] Node Version:  v14.15.1
[debug] [2020-12-18T18:55:42.505Z] Time:          Fri Dec 18 2020 15:55:42 GMT-0300 (Horário Padrão de Brasília)
[debug] [2020-12-18T18:55:42.506Z] ----------------------------------------------------------------------
[debug] [2020-12-18T18:55:42.506Z] 
[debug] [2020-12-18T18:55:42.532Z] > command requires scopes: ["email","openid","https://www.googleapis.com/auth/cloudplatformprojects.readonly","https://www.googleapis.com/auth/firebase","https://www.googleapis.com/auth/cloud-platform"]
[debug] [2020-12-18T18:55:42.533Z] > authorizing via signed-in user
[info] i  emulators: Starting emulators: functions {"metadata":{"emulator":{"name":"hub"},"message":"Starting emulators: functions"}}
[debug] [2020-12-18T18:55:42.597Z] [hub] writing locator at C:\Users\Lucas\AppData\Local\Temp\hub-radical-dreamers-2020.json
[warn] !  functions: The following emulators are not running, calls to these services from the Functions emulator will affect production: auth, firestore, database, hosting, pubsub {"metadata":{"emulator":{"name":"functions"},"message":"The following emulators are not running, calls to these services from the Functions emulator will affect production: \u001b[1mauth, firestore, database, hosting, pubsub\u001b[22m"}}
[warn] !  Your requested "node" version "10" doesn't match your global version "14" {"metadata":{"emulator":{"name":"functions"},"message":"Your requested \"node\" version \"10\" doesn't match your global version \"14\""}}
[debug] [2020-12-18T18:55:42.714Z] defaultcredentials: writing to file C:\Users\Lucas\AppData\Roaming\firebase\lucassky08_gmail_com_application_default_credentials.json
[debug] [2020-12-18T18:55:42.730Z] Setting GAC to C:\Users\Lucas\AppData\Roaming\firebase\lucassky08_gmail_com_application_default_credentials.json {"metadata":{"emulator":{"name":"functions"},"message":"Setting GAC to C:\\Users\\Lucas\\AppData\\Roaming\\firebase\\lucassky08_gmail_com_application_default_credentials.json"}}
[debug] [2020-12-18T18:55:42.764Z] Ignoring unsupported arg: auto_download {"metadata":{"emulator":{"name":"ui"},"message":"Ignoring unsupported arg: auto_download"}}
[debug] [2020-12-18T18:55:42.765Z] Ignoring unsupported arg: port {"metadata":{"emulator":{"name":"ui"},"message":"Ignoring unsupported arg: port"}}
[debug] [2020-12-18T18:55:42.765Z] Starting Emulator UI with command {"binary":"node","args":["C:\\Users\\Lucas\\.cache\\firebase\\emulators\\ui-v1.4.0\\server.bundle.js"],"optionalArgs":[],"joinArgs":false} {"metadata":{"emulator":{"name":"ui"},"message":"Starting Emulator UI with command {\"binary\":\"node\",\"args\":[\"C:\\\\Users\\\\Lucas\\\\.cache\\\\firebase\\\\emulators\\\\ui-v1.4.0\\\\server.bundle.js\"],\"optionalArgs\":[],\"joinArgs\":false}"}}
[info] i  ui: Emulator UI logging to ui-debug.log {"metadata":{"emulator":{"name":"ui"},"message":"Emulator UI logging to \u001b[1mui-debug.log\u001b[22m"}}
[debug] [2020-12-18T18:55:43.092Z] Web / API server started at http://localhost:4000
 {"metadata":{"emulator":{"name":"ui"},"message":"Web / API server started at http://localhost:4000\n"}}
[info] i  functions: Watching "C:\Users\Lucas\Documents\git\projeto-alt-f4\functions" for Cloud Functions... {"metadata":{"emulator":{"name":"functions"},"message":"Watching \"C:\\Users\\Lucas\\Documents\\git\\projeto-alt-f4\\functions\" for Cloud Functions..."}}
[debug] [2020-12-18T18:55:43.389Z] [worker-pool] addWorker(~diagnostic~) {"metadata":{"emulator":{"name":"functions"},"message":"[worker-pool] addWorker(~diagnostic~)"}}
[debug] [2020-12-18T18:55:43.391Z] [worker-pool] Adding worker with key ~diagnostic~, total=1 {"metadata":{"emulator":{"name":"functions"},"message":"[worker-pool] Adding worker with key ~diagnostic~, total=1"}}
[debug] [2020-12-18T18:55:43.392Z] [worker-pool] submitWork(triggerId=) {"metadata":{"emulator":{"name":"functions"},"message":"[worker-pool] submitWork(triggerId=)"}}
[debug] [2020-12-18T18:55:43.393Z] [worker-~diagnostic~-b5477880-913e-41df-abe0-3b0663b9336d]: Assigning socketPath: \\?\pipe\C:\Users\Lucas\Documents\git\projeto-alt-f4\functions\6704 {"metadata":{"emulator":{"name":"functions"},"message":"[worker-~diagnostic~-b5477880-913e-41df-abe0-3b0663b9336d]: Assigning socketPath: \\\\?\\pipe\\C:\\Users\\Lucas\\Documents\\git\\projeto-alt-f4\\functions\\6704"}}
[debug] [2020-12-18T18:55:43.394Z] [worker-~diagnostic~-b5477880-913e-41df-abe0-3b0663b9336d]: BUSY {"metadata":{"emulator":{"name":"functions"},"message":"[worker-~diagnostic~-b5477880-913e-41df-abe0-3b0663b9336d]: BUSY"}}
[debug] [2020-12-18T18:55:43.979Z] [runtime-status] [6704] Functions runtime initialized. {"cwd":"C:\\Users\\Lucas\\Documents\\git\\projeto-alt-f4\\functions","node_version":"14.15.1"} {"metadata":{"emulator":{"name":"functions"},"message":"[runtime-status] [6704] Functions runtime initialized. {\"cwd\":\"C:\\\\Users\\\\Lucas\\\\Documents\\\\git\\\\projeto-alt-f4\\\\functions\",\"node_version\":\"14.15.1\"}"}}
[debug] [2020-12-18T18:55:43.981Z] [runtime-status] [6704] Disabled runtime features: undefined {"metadata":{"emulator":{"name":"functions"},"message":"[runtime-status] [6704] Disabled runtime features: undefined"}}
[debug] [2020-12-18T18:55:43.988Z] [runtime-status] [6704] Resolved module firebase-admin {"declared":true,"installed":true,"version":"9.4.2","resolution":"C:\\Users\\Lucas\\Documents\\git\\projeto-alt-f4\\functions\\node_modules\\firebase-admin\\lib\\index.js"} {"metadata":{"emulator":{"name":"functions"},"message":"[runtime-status] [6704] Resolved module firebase-admin {\"declared\":true,\"installed\":true,\"version\":\"9.4.2\",\"resolution\":\"C:\\\\Users\\\\Lucas\\\\Documents\\\\git\\\\projeto-alt-f4\\\\functions\\\\node_modules\\\\firebase-admin\\\\lib\\\\index.js\"}"}}
[debug] [2020-12-18T18:55:43.992Z] [runtime-status] [6704] Resolved module firebase-functions {"declared":true,"installed":true,"version":"3.13.0","resolution":"C:\\Users\\Lucas\\Documents\\git\\projeto-alt-f4\\functions\\node_modules\\firebase-functions\\lib\\index.js"} {"metadata":{"emulator":{"name":"functions"},"message":"[runtime-status] [6704] Resolved module firebase-functions {\"declared\":true,\"installed\":true,\"version\":\"3.13.0\",\"resolution\":\"C:\\\\Users\\\\Lucas\\\\Documents\\\\git\\\\projeto-alt-f4\\\\functions\\\\node_modules\\\\firebase-functions\\\\lib\\\\index.js\"}"}}
[debug] [2020-12-18T18:55:43.995Z] [runtime-status] [6704] Resolved module firebase-functions {"declared":true,"installed":true,"version":"3.13.0","resolution":"C:\\Users\\Lucas\\Documents\\git\\projeto-alt-f4\\functions\\node_modules\\firebase-functions\\lib\\index.js"} {"metadata":{"emulator":{"name":"functions"},"message":"[runtime-status] [6704] Resolved module firebase-functions {\"declared\":true,\"installed\":true,\"version\":\"3.13.0\",\"resolution\":\"C:\\\\Users\\\\Lucas\\\\Documents\\\\git\\\\projeto-alt-f4\\\\functions\\\\node_modules\\\\firebase-functions\\\\lib\\\\index.js\"}"}}
[debug] [2020-12-18T18:55:43.998Z] [runtime-status] [6704] Outgoing network have been stubbed. [{"name":"http","status":"mocked"},{"name":"http","status":"mocked"},{"name":"https","status":"mocked"},{"name":"https","status":"mocked"},{"name":"net","status":"mocked"}] {"metadata":{"emulator":{"name":"functions"},"message":"[runtime-status] [6704] Outgoing network have been stubbed. [{\"name\":\"http\",\"status\":\"mocked\"},{\"name\":\"http\",\"status\":\"mocked\"},{\"name\":\"https\",\"status\":\"mocked\"},{\"name\":\"https\",\"status\":\"mocked\"},{\"name\":\"net\",\"status\":\"mocked\"}]"}}
[debug] [2020-12-18T18:55:44.000Z] [runtime-status] [6704] Resolved module firebase-functions {"declared":true,"installed":true,"version":"3.13.0","resolution":"C:\\Users\\Lucas\\Documents\\git\\projeto-alt-f4\\functions\\node_modules\\firebase-functions\\lib\\index.js"} {"metadata":{"emulator":{"name":"functions"},"message":"[runtime-status] [6704] Resolved module firebase-functions {\"declared\":true,\"installed\":true,\"version\":\"3.13.0\",\"resolution\":\"C:\\\\Users\\\\Lucas\\\\Documents\\\\git\\\\projeto-alt-f4\\\\functions\\\\node_modules\\\\firebase-functions\\\\lib\\\\index.js\"}"}}
[debug] [2020-12-18T18:55:44.138Z] [runtime-status] [6704] Checked functions.config() {"config":{}} {"metadata":{"emulator":{"name":"functions"},"message":"[runtime-status] [6704] Checked functions.config() {\"config\":{}}"}}
[debug] [2020-12-18T18:55:44.139Z] [runtime-status] [6704] firebase-functions has been stubbed. {"functionsResolution":{"declared":true,"installed":true,"version":"3.13.0","resolution":"C:\\Users\\Lucas\\Documents\\git\\projeto-alt-f4\\functions\\node_modules\\firebase-functions\\lib\\index.js"}} {"metadata":{"emulator":{"name":"functions"},"message":"[runtime-status] [6704] firebase-functions has been stubbed. {\"functionsResolution\":{\"declared\":true,\"installed\":true,\"version\":\"3.13.0\",\"resolution\":\"C:\\\\Users\\\\Lucas\\\\Documents\\\\git\\\\projeto-alt-f4\\\\functions\\\\node_modules\\\\firebase-functions\\\\lib\\\\index.js\"}}"}}
[debug] [2020-12-18T18:55:44.140Z] [runtime-status] [6704] Resolved module firebase-functions {"declared":true,"installed":true,"version":"3.13.0","resolution":"C:\\Users\\Lucas\\Documents\\git\\projeto-alt-f4\\functions\\node_modules\\firebase-functions\\lib\\index.js"} {"metadata":{"emulator":{"name":"functions"},"message":"[runtime-status] [6704] Resolved module firebase-functions {\"declared\":true,\"installed\":true,\"version\":\"3.13.0\",\"resolution\":\"C:\\\\Users\\\\Lucas\\\\Documents\\\\git\\\\projeto-alt-f4\\\\functions\\\\node_modules\\\\firebase-functions\\\\lib\\\\index.js\"}"}}
[debug] [2020-12-18T18:55:44.144Z] [runtime-status] [6704] Resolved module firebase-admin {"declared":true,"installed":true,"version":"9.4.2","resolution":"C:\\Users\\Lucas\\Documents\\git\\projeto-alt-f4\\functions\\node_modules\\firebase-admin\\lib\\index.js"} {"metadata":{"emulator":{"name":"functions"},"message":"[runtime-status] [6704] Resolved module firebase-admin {\"declared\":true,\"installed\":true,\"version\":\"9.4.2\",\"resolution\":\"C:\\\\Users\\\\Lucas\\\\Documents\\\\git\\\\projeto-alt-f4\\\\functions\\\\node_modules\\\\firebase-admin\\\\lib\\\\index.js\"}"}}
[debug] [2020-12-18T18:55:44.145Z] [runtime-status] [6704] Resolved module firebase-functions {"declared":true,"installed":true,"version":"3.13.0","resolution":"C:\\Users\\Lucas\\Documents\\git\\projeto-alt-f4\\functions\\node_modules\\firebase-functions\\lib\\index.js"} {"metadata":{"emulator":{"name":"functions"},"message":"[runtime-status] [6704] Resolved module firebase-functions {\"declared\":true,\"installed\":true,\"version\":\"3.13.0\",\"resolution\":\"C:\\\\Users\\\\Lucas\\\\Documents\\\\git\\\\projeto-alt-f4\\\\functions\\\\node_modules\\\\firebase-functions\\\\lib\\\\index.js\"}"}}
[debug] [2020-12-18T18:55:44.146Z] [runtime-status] [6704] firebase-admin has been stubbed. {"adminResolution":{"declared":true,"installed":true,"version":"9.4.2","resolution":"C:\\Users\\Lucas\\Documents\\git\\projeto-alt-f4\\functions\\node_modules\\firebase-admin\\lib\\index.js"}} {"metadata":{"emulator":{"name":"functions"},"message":"[runtime-status] [6704] firebase-admin has been stubbed. {\"adminResolution\":{\"declared\":true,\"installed\":true,\"version\":\"9.4.2\",\"resolution\":\"C:\\\\Users\\\\Lucas\\\\Documents\\\\git\\\\projeto-alt-f4\\\\functions\\\\node_modules\\\\firebase-admin\\\\lib\\\\index.js\"}}"}}
[info] +  functions[enviarEmail]: http function initialized (http://localhost:5001/radical-dreamers-2020/us-central1/enviarEmail). {"metadata":{"emulator":{"name":"functions"},"message":"\u001b[1mhttp\u001b[22m function initialized (http://localhost:5001/radical-dreamers-2020/us-central1/enviarEmail)."}}
[info] 
┌─────────────────────────────────────────────────────────────┐
│ ✔  All emulators ready! It is now safe to connect your app. │
│ i  View Emulator UI at http://localhost:4000                │
└─────────────────────────────────────────────────────────────┘

┌───────────┬────────────────┬─────────────────────────────────┐
│ Emulator  │ Host:Port      │ View in Emulator UI             │
├───────────┼────────────────┼─────────────────────────────────┤
│ Functions │ localhost:5001 │ http://localhost:4000/functions │
└───────────┴────────────────┴─────────────────────────────────┘
  Emulator Hub running at localhost:4400
  Other reserved ports: 4500

Issues? Report them at https://github.com/firebase/firebase-tools/issues and attach the *-debug.log files.
 
[debug] [2020-12-18T18:55:44.712Z] [worker-~diagnostic~-b5477880-913e-41df-abe0-3b0663b9336d]: IDLE {"metadata":{"emulator":{"name":"functions"},"message":"[worker-~diagnostic~-b5477880-913e-41df-abe0-3b0663b9336d]: IDLE"}}
[debug] [2020-12-18T18:56:55.539Z] [work-queue] {"queueLength":1,"workRunningCount":0}
[debug] [2020-12-18T18:56:55.542Z] [work-queue] {"queueLength":0,"workRunningCount":1}
[debug] [2020-12-18T18:56:55.545Z] Accepted request GET /radical-dreamers-2020/us-central1/enviarEmail --> enviarEmail
[debug] [2020-12-18T18:56:55.583Z] [worker-pool] addWorker(enviarEmail) {"metadata":{"emulator":{"name":"functions"},"message":"[worker-pool] addWorker(enviarEmail)"}}
[debug] [2020-12-18T18:56:55.585Z] [worker-pool] Adding worker with key enviarEmail, total=1 {"metadata":{"emulator":{"name":"functions"},"message":"[worker-pool] Adding worker with key enviarEmail, total=1"}}
[debug] [2020-12-18T18:56:55.585Z] [worker-pool] submitWork(triggerId=enviarEmail) {"metadata":{"emulator":{"name":"functions"},"message":"[worker-pool] submitWork(triggerId=enviarEmail)"}}
[debug] [2020-12-18T18:56:55.586Z] [worker-enviarEmail-7c4b433c-f52b-4a81-be46-c72c51acc9d9]: Assigning socketPath: \\?\pipe\C:\Users\Lucas\Documents\git\projeto-alt-f4\functions\7328 {"metadata":{"emulator":{"name":"functions"},"message":"[worker-enviarEmail-7c4b433c-f52b-4a81-be46-c72c51acc9d9]: Assigning socketPath: \\\\?\\pipe\\C:\\Users\\Lucas\\Documents\\git\\projeto-alt-f4\\functions\\7328"}}
[debug] [2020-12-18T18:56:55.586Z] [worker-enviarEmail-7c4b433c-f52b-4a81-be46-c72c51acc9d9]: BUSY {"metadata":{"emulator":{"name":"functions"},"message":"[worker-enviarEmail-7c4b433c-f52b-4a81-be46-c72c51acc9d9]: BUSY"}}
[debug] [2020-12-18T18:56:56.218Z] [runtime-status] [7328] Functions runtime initialized. {"cwd":"C:\\Users\\Lucas\\Documents\\git\\projeto-alt-f4\\functions","node_version":"14.15.1"} {"metadata":{"emulator":{"name":"functions"},"function":{"name":"enviarEmail"},"message":"[runtime-status] [7328] Functions runtime initialized. {\"cwd\":\"C:\\\\Users\\\\Lucas\\\\Documents\\\\git\\\\projeto-alt-f4\\\\functions\",\"node_version\":\"14.15.1\"}"}}
[debug] [2020-12-18T18:56:56.224Z] [runtime-status] [7328] Disabled runtime features: undefined {"metadata":{"emulator":{"name":"functions"},"function":{"name":"enviarEmail"},"message":"[runtime-status] [7328] Disabled runtime features: undefined"}}
[debug] [2020-12-18T18:56:56.231Z] [runtime-status] [7328] Resolved module firebase-admin {"declared":true,"installed":true,"version":"9.4.2","resolution":"C:\\Users\\Lucas\\Documents\\git\\projeto-alt-f4\\functions\\node_modules\\firebase-admin\\lib\\index.js"} {"metadata":{"emulator":{"name":"functions"},"function":{"name":"enviarEmail"},"message":"[runtime-status] [7328] Resolved module firebase-admin {\"declared\":true,\"installed\":true,\"version\":\"9.4.2\",\"resolution\":\"C:\\\\Users\\\\Lucas\\\\Documents\\\\git\\\\projeto-alt-f4\\\\functions\\\\node_modules\\\\firebase-admin\\\\lib\\\\index.js\"}"}}
[debug] [2020-12-18T18:56:56.236Z] [runtime-status] [7328] Resolved module firebase-functions {"declared":true,"installed":true,"version":"3.13.0","resolution":"C:\\Users\\Lucas\\Documents\\git\\projeto-alt-f4\\functions\\node_modules\\firebase-functions\\lib\\index.js"} {"metadata":{"emulator":{"name":"functions"},"function":{"name":"enviarEmail"},"message":"[runtime-status] [7328] Resolved module firebase-functions {\"declared\":true,\"installed\":true,\"version\":\"3.13.0\",\"resolution\":\"C:\\\\Users\\\\Lucas\\\\Documents\\\\git\\\\projeto-alt-f4\\\\functions\\\\node_modules\\\\firebase-functions\\\\lib\\\\index.js\"}"}}
[debug] [2020-12-18T18:56:56.243Z] [runtime-status] [7328] Resolved module firebase-functions {"declared":true,"installed":true,"version":"3.13.0","resolution":"C:\\Users\\Lucas\\Documents\\git\\projeto-alt-f4\\functions\\node_modules\\firebase-functions\\lib\\index.js"} {"metadata":{"emulator":{"name":"functions"},"function":{"name":"enviarEmail"},"message":"[runtime-status] [7328] Resolved module firebase-functions {\"declared\":true,\"installed\":true,\"version\":\"3.13.0\",\"resolution\":\"C:\\\\Users\\\\Lucas\\\\Documents\\\\git\\\\projeto-alt-f4\\\\functions\\\\node_modules\\\\firebase-functions\\\\lib\\\\index.js\"}"}}
[debug] [2020-12-18T18:56:56.249Z] [runtime-status] [7328] Outgoing network have been stubbed. [{"name":"http","status":"mocked"},{"name":"http","status":"mocked"},{"name":"https","status":"mocked"},{"name":"https","status":"mocked"},{"name":"net","status":"mocked"}] {"metadata":{"emulator":{"name":"functions"},"function":{"name":"enviarEmail"},"message":"[runtime-status] [7328] Outgoing network have been stubbed. [{\"name\":\"http\",\"status\":\"mocked\"},{\"name\":\"http\",\"status\":\"mocked\"},{\"name\":\"https\",\"status\":\"mocked\"},{\"name\":\"https\",\"status\":\"mocked\"},{\"name\":\"net\",\"status\":\"mocked\"}]"}}
[debug] [2020-12-18T18:56:56.250Z] [runtime-status] [7328] Resolved module firebase-functions {"declared":true,"installed":true,"version":"3.13.0","resolution":"C:\\Users\\Lucas\\Documents\\git\\projeto-alt-f4\\functions\\node_modules\\firebase-functions\\lib\\index.js"} {"metadata":{"emulator":{"name":"functions"},"function":{"name":"enviarEmail"},"message":"[runtime-status] [7328] Resolved module firebase-functions {\"declared\":true,\"installed\":true,\"version\":\"3.13.0\",\"resolution\":\"C:\\\\Users\\\\Lucas\\\\Documents\\\\git\\\\projeto-alt-f4\\\\functions\\\\node_modules\\\\firebase-functions\\\\lib\\\\index.js\"}"}}
[debug] [2020-12-18T18:56:56.371Z] [runtime-status] [7328] Checked functions.config() {"config":{}} {"metadata":{"emulator":{"name":"functions"},"function":{"name":"enviarEmail"},"message":"[runtime-status] [7328] Checked functions.config() {\"config\":{}}"}}
[debug] [2020-12-18T18:56:56.372Z] [runtime-status] [7328] firebase-functions has been stubbed. {"functionsResolution":{"declared":true,"installed":true,"version":"3.13.0","resolution":"C:\\Users\\Lucas\\Documents\\git\\projeto-alt-f4\\functions\\node_modules\\firebase-functions\\lib\\index.js"}} {"metadata":{"emulator":{"name":"functions"},"function":{"name":"enviarEmail"},"message":"[runtime-status] [7328] firebase-functions has been stubbed. {\"functionsResolution\":{\"declared\":true,\"installed\":true,\"version\":\"3.13.0\",\"resolution\":\"C:\\\\Users\\\\Lucas\\\\Documents\\\\git\\\\projeto-alt-f4\\\\functions\\\\node_modules\\\\firebase-functions\\\\lib\\\\index.js\"}}"}}
[debug] [2020-12-18T18:56:56.373Z] [runtime-status] [7328] Resolved module firebase-functions {"declared":true,"installed":true,"version":"3.13.0","resolution":"C:\\Users\\Lucas\\Documents\\git\\projeto-alt-f4\\functions\\node_modules\\firebase-functions\\lib\\index.js"} {"metadata":{"emulator":{"name":"functions"},"function":{"name":"enviarEmail"},"message":"[runtime-status] [7328] Resolved module firebase-functions {\"declared\":true,\"installed\":true,\"version\":\"3.13.0\",\"resolution\":\"C:\\\\Users\\\\Lucas\\\\Documents\\\\git\\\\projeto-alt-f4\\\\functions\\\\node_modules\\\\firebase-functions\\\\lib\\\\index.js\"}"}}
[debug] [2020-12-18T18:56:56.376Z] [runtime-status] [7328] Resolved module firebase-admin {"declared":true,"installed":true,"version":"9.4.2","resolution":"C:\\Users\\Lucas\\Documents\\git\\projeto-alt-f4\\functions\\node_modules\\firebase-admin\\lib\\index.js"} {"metadata":{"emulator":{"name":"functions"},"function":{"name":"enviarEmail"},"message":"[runtime-status] [7328] Resolved module firebase-admin {\"declared\":true,\"installed\":true,\"version\":\"9.4.2\",\"resolution\":\"C:\\\\Users\\\\Lucas\\\\Documents\\\\git\\\\projeto-alt-f4\\\\functions\\\\node_modules\\\\firebase-admin\\\\lib\\\\index.js\"}"}}
[debug] [2020-12-18T18:56:56.377Z] [runtime-status] [7328] Resolved module firebase-functions {"declared":true,"installed":true,"version":"3.13.0","resolution":"C:\\Users\\Lucas\\Documents\\git\\projeto-alt-f4\\functions\\node_modules\\firebase-functions\\lib\\index.js"} {"metadata":{"emulator":{"name":"functions"},"function":{"name":"enviarEmail"},"message":"[runtime-status] [7328] Resolved module firebase-functions {\"declared\":true,\"installed\":true,\"version\":\"3.13.0\",\"resolution\":\"C:\\\\Users\\\\Lucas\\\\Documents\\\\git\\\\projeto-alt-f4\\\\functions\\\\node_modules\\\\firebase-functions\\\\lib\\\\index.js\"}"}}
[debug] [2020-12-18T18:56:56.378Z] [runtime-status] [7328] firebase-admin has been stubbed. {"adminResolution":{"declared":true,"installed":true,"version":"9.4.2","resolution":"C:\\Users\\Lucas\\Documents\\git\\projeto-alt-f4\\functions\\node_modules\\firebase-admin\\lib\\index.js"}} {"metadata":{"emulator":{"name":"functions"},"function":{"name":"enviarEmail"},"message":"[runtime-status] [7328] firebase-admin has been stubbed. {\"adminResolution\":{\"declared\":true,\"installed\":true,\"version\":\"9.4.2\",\"resolution\":\"C:\\\\Users\\\\Lucas\\\\Documents\\\\git\\\\projeto-alt-f4\\\\functions\\\\node_modules\\\\firebase-admin\\\\lib\\\\index.js\"}}"}}
[debug] [2020-12-18T18:56:56.518Z] [runtime-status] [7328] Trigger "enviarEmail" has been found, beginning invocation! {"metadata":{"emulator":{"name":"functions"},"function":{"name":"enviarEmail"},"message":"[runtime-status] [7328] Trigger \"enviarEmail\" has been found, beginning invocation!"}}
[info] i  functions: Beginning execution of "enviarEmail" {"metadata":{"emulator":{"name":"functions"},"function":{"name":"enviarEmail"},"message":"Beginning execution of \"enviarEmail\""}}
[debug] [2020-12-18T18:56:56.520Z] [runtime-status] [7328] triggerDefinition {"httpsTrigger":{},"name":"enviarEmail","entryPoint":"enviarEmail"} {"metadata":{"emulator":{"name":"functions"},"function":{"name":"enviarEmail"},"message":"[runtime-status] [7328] triggerDefinition {\"httpsTrigger\":{},\"name\":\"enviarEmail\",\"entryPoint\":\"enviarEmail\"}"}}
[debug] [2020-12-18T18:56:56.520Z] [runtime-status] [7328] Running enviarEmail in mode HTTPS {"metadata":{"emulator":{"name":"functions"},"function":{"name":"enviarEmail"},"message":"[runtime-status] [7328] Running enviarEmail in mode HTTPS"}}
[debug] [2020-12-18T18:56:56.530Z] [runtime-status] [7328] Attempting to listen to socketPath: \\?\pipe\C:\Users\Lucas\Documents\git\projeto-alt-f4\functions\7328 {"metadata":{"emulator":{"name":"functions"},"function":{"name":"enviarEmail"},"message":"[runtime-status] [7328] Attempting to listen to socketPath: \\\\?\\pipe\\C:\\Users\\Lucas\\Documents\\git\\projeto-alt-f4\\functions\\7328"}}
[debug] [2020-12-18T18:56:56.537Z] [functions] Runtime ready! Sending request! {"metadata":{"emulator":{"name":"functions"},"message":"[functions] Runtime ready! Sending request!"}}
[debug] [2020-12-18T18:56:56.560Z] [runtime-status] [7328] Ephemeral server handling GET request {"metadata":{"emulator":{"name":"functions"},"function":{"name":"enviarEmail"},"message":"[runtime-status] [7328] Ephemeral server handling GET request"}}
[debug] [2020-12-18T18:56:56.577Z] [runtime-status] [7328] Ephemeral server survived. {"metadata":{"emulator":{"name":"functions"},"function":{"name":"enviarEmail"},"message":"[runtime-status] [7328] Ephemeral server survived."}}
[info] >  Error: Invalid login: 535-5.7.8 Username and Password not accepted. Learn more at {"user":"Error: Invalid login: 535-5.7.8 Username and Password not accepted. Learn more at","metadata":{"emulator":{"name":"functions"},"function":{"name":"enviarEmail"},"message":"\u001b[90m> \u001b[39m Error: Invalid login: 535-5.7.8 Username and Password not accepted. Learn more at"}}
[info] >  535 5.7.8  https://support.google.com/mail/?p=BadCredentials s67sm5521327qkh.101 - gsmtp {"user":"535 5.7.8  https://support.google.com/mail/?p=BadCredentials s67sm5521327qkh.101 - gsmtp","metadata":{"emulator":{"name":"functions"},"function":{"name":"enviarEmail"},"message":"\u001b[90m> \u001b[39m 535 5.7.8  https://support.google.com/mail/?p=BadCredentials s67sm5521327qkh.101 - gsmtp"}}
[info] >      at SMTPConnection._formatError (C:\Users\Lucas\Documents\git\projeto-alt-f4\functions\node_modules\nodemailer\lib\smtp-connection\index.js:774:19) {"user":"    at SMTPConnection._formatError (C:\\Users\\Lucas\\Documents\\git\\projeto-alt-f4\\functions\\node_modules\\nodemailer\\lib\\smtp-connection\\index.js:774:19)","metadata":{"emulator":{"name":"functions"},"function":{"name":"enviarEmail"},"message":"\u001b[90m> \u001b[39m     at SMTPConnection._formatError (C:\\Users\\Lucas\\Documents\\git\\projeto-alt-f4\\functions\\node_modules\\nodemailer\\lib\\smtp-connection\\index.js:774:19)"}}
[info] >      at SMTPConnection._actionAUTHComplete (C:\Users\Lucas\Documents\git\projeto-alt-f4\functions\node_modules\nodemailer\lib\smtp-connection\index.js:1513:34) {"user":"    at SMTPConnection._actionAUTHComplete (C:\\Users\\Lucas\\Documents\\git\\projeto-alt-f4\\functions\\node_modules\\nodemailer\\lib\\smtp-connection\\index.js:1513:34)","metadata":{"emulator":{"name":"functions"},"function":{"name":"enviarEmail"},"message":"\u001b[90m> \u001b[39m     at SMTPConnection._actionAUTHComplete (C:\\Users\\Lucas\\Documents\\git\\projeto-alt-f4\\functions\\node_modules\\nodemailer\\lib\\smtp-connection\\index.js:1513:34)"}}
[info] >      at SMTPConnection.<anonymous> (C:\Users\Lucas\Documents\git\projeto-alt-f4\functions\node_modules\nodemailer\lib\smtp-connection\index.js:540:26) {"user":"    at SMTPConnection.<anonymous> (C:\\Users\\Lucas\\Documents\\git\\projeto-alt-f4\\functions\\node_modules\\nodemailer\\lib\\smtp-connection\\index.js:540:26)","metadata":{"emulator":{"name":"functions"},"function":{"name":"enviarEmail"},"message":"\u001b[90m> \u001b[39m     at SMTPConnection.<anonymous> (C:\\Users\\Lucas\\Documents\\git\\projeto-alt-f4\\functions\\node_modules\\nodemailer\\lib\\smtp-connection\\index.js:540:26)"}}
[info] >      at SMTPConnection._processResponse (C:\Users\Lucas\Documents\git\projeto-alt-f4\functions\node_modules\nodemailer\lib\smtp-connection\index.js:932:20) {"user":"    at SMTPConnection._processResponse (C:\\Users\\Lucas\\Documents\\git\\projeto-alt-f4\\functions\\node_modules\\nodemailer\\lib\\smtp-connection\\index.js:932:20)","metadata":{"emulator":{"name":"functions"},"function":{"name":"enviarEmail"},"message":"\u001b[90m> \u001b[39m     at SMTPConnection._processResponse (C:\\Users\\Lucas\\Documents\\git\\projeto-alt-f4\\functions\\node_modules\\nodemailer\\lib\\smtp-connection\\index.js:932:20)"}}
[info] >      at SMTPConnection._onData (C:\Users\Lucas\Documents\git\projeto-alt-f4\functions\node_modules\nodemailer\lib\smtp-connection\index.js:739:14) {"user":"    at SMTPConnection._onData (C:\\Users\\Lucas\\Documents\\git\\projeto-alt-f4\\functions\\node_modules\\nodemailer\\lib\\smtp-connection\\index.js:739:14)","metadata":{"emulator":{"name":"functions"},"function":{"name":"enviarEmail"},"message":"\u001b[90m> \u001b[39m     at SMTPConnection._onData (C:\\Users\\Lucas\\Documents\\git\\projeto-alt-f4\\functions\\node_modules\\nodemailer\\lib\\smtp-connection\\index.js:739:14)"}}
[info] >      at TLSSocket.SMTPConnection._onSocketData (C:\Users\Lucas\Documents\git\projeto-alt-f4\functions\node_modules\nodemailer\lib\smtp-connection\index.js:189:44) {"user":"    at TLSSocket.SMTPConnection._onSocketData (C:\\Users\\Lucas\\Documents\\git\\projeto-alt-f4\\functions\\node_modules\\nodemailer\\lib\\smtp-connection\\index.js:189:44)","metadata":{"emulator":{"name":"functions"},"function":{"name":"enviarEmail"},"message":"\u001b[90m> \u001b[39m     at TLSSocket.SMTPConnection._onSocketData (C:\\Users\\Lucas\\Documents\\git\\projeto-alt-f4\\functions\\node_modules\\nodemailer\\lib\\smtp-connection\\index.js:189:44)"}}
[info] >      at TLSSocket.emit (events.js:315:20) {"user":"    at TLSSocket.emit (events.js:315:20)","metadata":{"emulator":{"name":"functions"},"function":{"name":"enviarEmail"},"message":"\u001b[90m> \u001b[39m     at TLSSocket.emit (events.js:315:20)"}}
[info] >      at addChunk (_stream_readable.js:309:12) {"user":"    at addChunk (_stream_readable.js:309:12)","metadata":{"emulator":{"name":"functions"},"function":{"name":"enviarEmail"},"message":"\u001b[90m> \u001b[39m     at addChunk (_stream_readable.js:309:12)"}}
[info] >      at readableAddChunk (_stream_readable.js:284:9) {"user":"    at readableAddChunk (_stream_readable.js:284:9)","metadata":{"emulator":{"name":"functions"},"function":{"name":"enviarEmail"},"message":"\u001b[90m> \u001b[39m     at readableAddChunk (_stream_readable.js:284:9)"}}
[info] >      at TLSSocket.Readable.push (_stream_readable.js:223:10) { {"user":"    at TLSSocket.Readable.push (_stream_readable.js:223:10) {","metadata":{"emulator":{"name":"functions"},"function":{"name":"enviarEmail"},"message":"\u001b[90m> \u001b[39m     at TLSSocket.Readable.push (_stream_readable.js:223:10) {"}}
[info] >    code: 'EAUTH', {"user":"  code: 'EAUTH',","metadata":{"emulator":{"name":"functions"},"function":{"name":"enviarEmail"},"message":"\u001b[90m> \u001b[39m   code: 'EAUTH',"}}
[info] >    response: '535-5.7.8 Username and Password not accepted. Learn more at\n' + {"user":"  response: '535-5.7.8 Username and Password not accepted. Learn more at\\n' +","metadata":{"emulator":{"name":"functions"},"function":{"name":"enviarEmail"},"message":"\u001b[90m> \u001b[39m   response: '535-5.7.8 Username and Password not accepted. Learn more at\\n' +"}}
[info] >      '535 5.7.8  https://support.google.com/mail/?p=BadCredentials s67sm5521327qkh.101 - gsmtp', {"user":"    '535 5.7.8  https://support.google.com/mail/?p=BadCredentials s67sm5521327qkh.101 - gsmtp',","metadata":{"emulator":{"name":"functions"},"function":{"name":"enviarEmail"},"message":"\u001b[90m> \u001b[39m     '535 5.7.8  https://support.google.com/mail/?p=BadCredentials s67sm5521327qkh.101 - gsmtp',"}}
[info] >    responseCode: 535, {"user":"  responseCode: 535,","metadata":{"emulator":{"name":"functions"},"function":{"name":"enviarEmail"},"message":"\u001b[90m> \u001b[39m   responseCode: 535,"}}
[info] >    command: 'AUTH PLAIN' {"user":"  command: 'AUTH PLAIN'","metadata":{"emulator":{"name":"functions"},"function":{"name":"enviarEmail"},"message":"\u001b[90m> \u001b[39m   command: 'AUTH PLAIN'"}}
[info] >  } {"user":"}","metadata":{"emulator":{"name":"functions"},"function":{"name":"enviarEmail"},"message":"\u001b[90m> \u001b[39m }"}}
[warn] !  functions: Your function timed out after ~60s. To configure this timeout, see
      https://firebase.google.com/docs/functions/manage-functions#set_timeout_and_memory_allocation. {"metadata":{"emulator":{"name":"functions"},"function":{"name":"enviarEmail"},"message":"Your function timed out after ~60s. To configure this timeout, see\n      https://firebase.google.com/docs/functions/manage-functions#set_timeout_and_memory_allocation."}}
[info] >  C:\Users\Lucas\AppData\Roaming\npm\node_modules\firebase-tools\lib\emulator\functionsEmulatorRuntime.js:638 {"user":"C:\\Users\\Lucas\\AppData\\Roaming\\npm\\node_modules\\firebase-tools\\lib\\emulator\\functionsEmulatorRuntime.js:638\r","metadata":{"emulator":{"name":"functions"},"function":{"name":"enviarEmail"},"message":"\u001b[90m> \u001b[39m C:\\Users\\Lucas\\AppData\\Roaming\\npm\\node_modules\\firebase-tools\\lib\\emulator\\functionsEmulatorRuntime.js:638\r"}}
[info] >              throw new Error("Function timed out."); {"user":"            throw new Error(\"Function timed out.\");\r","metadata":{"emulator":{"name":"functions"},"function":{"name":"enviarEmail"},"message":"\u001b[90m> \u001b[39m             throw new Error(\"Function timed out.\");\r"}}
[info] >              ^ {"user":"            ^\r","metadata":{"emulator":{"name":"functions"},"function":{"name":"enviarEmail"},"message":"\u001b[90m> \u001b[39m             ^\r"}}
[info] >   {"user":"\r","metadata":{"emulator":{"name":"functions"},"function":{"name":"enviarEmail"},"message":"\u001b[90m> \u001b[39m \r"}}
[info] >  Error: Function timed out. {"user":"Error: Function timed out.\r","metadata":{"emulator":{"name":"functions"},"function":{"name":"enviarEmail"},"message":"\u001b[90m> \u001b[39m Error: Function timed out.\r"}}
[info] >      at Timeout._onTimeout (C:\Users\Lucas\AppData\Roaming\npm\node_modules\firebase-tools\lib\emulator\functionsEmulatorRuntime.js:638:19) {"user":"    at Timeout._onTimeout (C:\\Users\\Lucas\\AppData\\Roaming\\npm\\node_modules\\firebase-tools\\lib\\emulator\\functionsEmulatorRuntime.js:638:19)\r","metadata":{"emulator":{"name":"functions"},"function":{"name":"enviarEmail"},"message":"\u001b[90m> \u001b[39m     at Timeout._onTimeout (C:\\Users\\Lucas\\AppData\\Roaming\\npm\\node_modules\\firebase-tools\\lib\\emulator\\functionsEmulatorRuntime.js:638:19)\r"}}
[info] >      at listOnTimeout (internal/timers.js:554:17) {"user":"    at listOnTimeout (internal/timers.js:554:17)\r","metadata":{"emulator":{"name":"functions"},"function":{"name":"enviarEmail"},"message":"\u001b[90m> \u001b[39m     at listOnTimeout (internal/timers.js:554:17)\r"}}
[info] >      at processTimers (internal/timers.js:497:7) {"user":"    at processTimers (internal/timers.js:497:7)\r","metadata":{"emulator":{"name":"functions"},"function":{"name":"enviarEmail"},"message":"\u001b[90m> \u001b[39m     at processTimers (internal/timers.js:497:7)\r"}}
[debug] [2020-12-18T18:57:56.711Z] [worker-enviarEmail-7c4b433c-f52b-4a81-be46-c72c51acc9d9]: exited {"metadata":{"emulator":{"name":"functions"},"message":"[worker-enviarEmail-7c4b433c-f52b-4a81-be46-c72c51acc9d9]: exited"}}
[debug] [2020-12-18T18:57:56.712Z] [worker-enviarEmail-7c4b433c-f52b-4a81-be46-c72c51acc9d9]: FINISHED {"metadata":{"emulator":{"name":"functions"},"message":"[worker-enviarEmail-7c4b433c-f52b-4a81-be46-c72c51acc9d9]: FINISHED"}}
[debug] [2020-12-18T18:57:56.712Z] [work-queue] {"queueLength":0,"workRunningCount":0}
[debug] [2020-12-18T18:57:56.897Z] Functions emulator received unknown request at path /favicon.ico
[debug] [2020-12-18T19:06:32.887Z] File C:\Users\Lucas\Documents\git\projeto-alt-f4\functions\index.js changed, reloading triggers {"metadata":{"emulator":{"name":"functions"},"message":"File C:\\Users\\Lucas\\Documents\\git\\projeto-alt-f4\\functions\\index.js changed, reloading triggers"}}
